<?xml version="1.0" encoding="UTF-8"?>
<testng-results ignored="0" total="1" passed="1" failed="0" skipped="0">
  <reporter-output>
    <line>
      <![CDATA[Opening the Zumic page URL : https://refstagingapp.bluetail.aero/]]>
    </line>
  </reporter-output>
  <suite started-at="2021-02-18T05:14:25Z" name="Default suite" finished-at="2021-02-18T05:14:43Z" duration-ms="18298">
    <groups>
    </groups>
    <test started-at="2021-02-18T05:14:25Z" name="Default test" finished-at="2021-02-18T05:14:43Z" duration-ms="18298">
      <class name="com.bluetail.aero.automation.Launching_Bluetail_Aero_Site">
        <test-method is-config="true" signature="initialize()[pri:0, instance:com.bluetail.aero.automation.Launching_Bluetail_Aero_Site@1224144a]" started-at="2021-02-18T05:14:25Z" name="initialize" finished-at="2021-02-18T05:14:25Z" duration-ms="457" status="PASS">
          <reporter-output>
          </reporter-output>
        </test-method> <!-- initialize -->
        <test-method is-config="true" signature="doSkip()[pri:0, instance:com.bluetail.aero.automation.Launching_Bluetail_Aero_Site@1224144a]" started-at="2021-02-18T05:14:25Z" name="doSkip" finished-at="2021-02-18T05:14:25Z" duration-ms="58" status="PASS">
          <reporter-output>
          </reporter-output>
        </test-method> <!-- doSkip -->
        <test-method signature="SmokeTestCase(java.lang.String, java.lang.String)[pri:0, instance:com.bluetail.aero.automation.Launching_Bluetail_Aero_Site@1224144a]" started-at="2021-02-18T05:14:25Z" name="SmokeTestCase" data-provider="getTestData" finished-at="2021-02-18T05:14:42Z" duration-ms="17382" status="PASS">
          <params>
            <param index="0">
              <value>
                <![CDATA[bluetail1]]>
              </value>
            </param>
            <param index="1">
              <value>
                <![CDATA[https://refstagingapp.bluetail.aero/]]>
              </value>
            </param>
          </params>
          <reporter-output>
            <line>
              <![CDATA[Opening the Zumic page URL : https://refstagingapp.bluetail.aero/]]>
            </line>
          </reporter-output>
        </test-method> <!-- SmokeTestCase -->
        <test-method is-config="true" signature="preparingToShutDown()[pri:0, instance:com.bluetail.aero.automation.Launching_Bluetail_Aero_Site@1224144a]" started-at="2021-02-18T05:14:43Z" name="preparingToShutDown" finished-at="2021-02-18T05:14:43Z" duration-ms="836" status="PASS">
          <reporter-output>
          </reporter-output>
        </test-method> <!-- preparingToShutDown -->
      </class> <!-- com.bluetail.aero.automation.Launching_Bluetail_Aero_Site -->
    </test> <!-- Default test -->
  </suite> <!-- Default suite -->
</testng-results>
